<?xml version="1.0" encoding="UTF-8"?>
<coverage generated="1671175007899" clover="3.2.0">
  <project timestamp="1671175007899" name="All files">
    <metrics statements="30" coveredstatements="10" conditionals="12" coveredconditionals="2" methods="13" coveredmethods="1" elements="55" coveredelements="13" complexity="0" loc="30" ncloc="30" packages="1" files="1" classes="1"/>
    <file name="product.controller.js" path="/home/seneca/Downloads/in-telligent/Assignment/app/controllers/product.controller.js">
      <metrics statements="30" coveredstatements="10" conditionals="12" coveredconditionals="2" methods="13" coveredmethods="1"/>
      <line num="1" count="1" type="stmt"/>
      <line num="2" count="1" type="stmt"/>
      <line num="3" count="1" type="stmt"/>
      <line num="6" count="1" type="stmt"/>
      <line num="8" count="1" type="cond" truecount="2" falsecount="2"/>
      <line num="9" count="1" type="stmt"/>
      <line num="12" count="1" type="stmt"/>
      <line num="16" count="0" type="stmt"/>
      <line num="22" count="0" type="stmt"/>
      <line num="24" count="0" type="stmt"/>
      <line num="27" count="0" type="stmt"/>
      <line num="35" count="1" type="stmt"/>
      <line num="36" count="0" type="stmt"/>
      <line num="38" count="0" type="stmt"/>
      <line num="40" count="0" type="cond" truecount="0" falsecount="2"/>
      <line num="41" count="0" type="stmt"/>
      <line num="43" count="0" type="stmt"/>
      <line num="46" count="0" type="stmt"/>
      <line num="52" count="0" type="stmt"/>
      <line num="59" count="1" type="stmt"/>
      <line num="60" count="0" type="stmt"/>
      <line num="62" count="0" type="stmt"/>
      <line num="66" count="0" type="cond" truecount="0" falsecount="2"/>
      <line num="67" count="0" type="stmt"/>
      <line num="71" count="0" type="stmt"/>
      <line num="77" count="0" type="stmt"/>
      <line num="84" count="1" type="stmt"/>
      <line num="85" count="0" type="stmt"/>
      <line num="89" count="0" type="stmt"/>
      <line num="92" count="0" type="stmt"/>
    </file>
  </project>
</coverage>
